<?xml version="1.0" encoding="UTF-8"?>
<!-- Generated by org.testng.reporters.JUnitXMLReporter -->
<testsuite hostname="win7-PC" name="Validating Title" tests="1" failures="1" timestamp="18 Apr 2020 08:57:55 GMT" time="11.17" errors="0">
  <testcase name="basePageNavigation" time="0.106" classname="Academy.validateTitle">
    <failure type="java.lang.AssertionError" message="expected [FEATURED] but found [FEATURED COURSES]">
      <![CDATA[java.lang.AssertionError: expected [FEATURED] but found [FEATURED COURSES]
	at Academy.validateTitle.basePageNavigation(validateTitle.java:36)
... Removed 29 stack frames]]>
    </failure>
  </testcase> <!-- basePageNavigation -->
</testsuite> <!-- Validating Title -->
