<?xml version="1.0" encoding="UTF-8"?>
<!-- Generated by org.testng.reporters.JUnitXMLReporter -->
<testsuite hostname="win7-PC" ignored="0" name="Validating Title" tests="1" failures="1" timestamp="22 Apr 2020 19:20:27 GMT" time="14.484" errors="0">
  <testcase name="textMessage" time="0.664" classname="Academy.validateTitle">
    <failure type="java.lang.AssertionError" message="expected [FEATURED] but found [FEATURED COURSES]">
      <![CDATA[java.lang.AssertionError: expected [FEATURED] but found [FEATURED COURSES]
at Academy.validateTitle.textMessage(validateTitle.java:36)
... Removed 34 stack frames]]>
    </failure>
  </testcase> <!-- textMessage -->
</testsuite> <!-- Validating Title -->
